Starting experiment with items
------------------------Task 1: Get all data------------------------------------------------
[
  {
    _id: ObjectId('65dd0bc901d78a20ef981b23'),
    category: 'Sports',
    model: 'Model D',
    producer: 'Producer W',
    price: 250.93
  },
  {
    _id: ObjectId('65dd0bc901d78a20ef981b24'),
    category: 'Furniture',
    model: 'Model E',
    producer: 'Producer Z',
    price: 274.87
  },
  {
    _id: ObjectId('65dd0bc901d78a20ef981b25'),
    category: 'Food',
    model: 'Model D',
    producer: 'Producer W',
    price: 772.7
  },
  {
    _id: ObjectId('65dd0bc901d78a20ef981b26'),
    category: 'Electronics',
    model: 'Model A',
    producer: 'Producer Y',
    price: 419.78,
    has_defect: true
  },
  {
    _id: ObjectId('65dd0bc901d78a20ef981b27'),
    category: 'Clothing',
    model: 'Model B',
    producer: 'Producer X',
    price: 1245.38,
    has_defect: true
  },
  {
    _id: ObjectId('65dd0bc901d78a20ef981b28'),
    category: 'Electronics',
    model: 'Model B',
    producer: 'Producer W',
    price: 45.51
  },
  {
    _id: ObjectId('65dd0bc901d78a20ef981b29'),
    category: 'Sports',
    model: 'Model A',
    producer: 'Producer Y',
    price: 823.06,
    has_defect: true
  },
  {
    _id: ObjectId('65dd0bc901d78a20ef981b2a'),
    category: 'Electronics',
    model: 'Model E',
    producer: 'Producer Z',
    price: 93.9
  },
  {
    _id: ObjectId('65dd0bc901d78a20ef981b2b'),
    category: 'Food',
    model: 'Model D',
    producer: 'Producer V',
    price: 444.02
  },
  {
    _id: ObjectId('65dd0bc901d78a20ef981b2c'),
    category: 'Clothing',
    model: 'Model E',
    producer: 'Producer Y',
    price: 200,
    has_defect: true
  },
  {
    _id: ObjectId('65dd0bc901d78a20ef981b2d'),
    category: 'Food',
    model: 'Model E',
    producer: 'Producer Z',
    price: 382
  },
  {
    _id: ObjectId('65dd0bc901d78a20ef981b2e'),
    category: 'Clothing',
    model: 'Model A',
    producer: 'Producer Y',
    price: 875.46,
    has_defect: true
  },
  {
    _id: ObjectId('65dd0bc901d78a20ef981b2f'),
    category: 'Furniture',
    model: 'Model B',
    producer: 'Producer Z',
    price: 482.61
  },
  {
    _id: ObjectId('65dd0bc901d78a20ef981b30'),
    category: 'Food',
    model: 'Model B',
    producer: 'Producer V',
    price: 958.31
  },
  {
    _id: ObjectId('65dd0bc901d78a20ef981b31'),
    category: 'Food',
    model: 'Model A',
    producer: 'Producer X',
    price: 1258.2,
    has_defect: true
  },
  {
    _id: ObjectId('65dd0bc901d78a20ef981b32'),
    category: 'Food',
    model: 'Model C',
    producer: 'Producer V',
    price: 507.04
  },
  {
    _id: ObjectId('65dd0bc901d78a20ef981b33'),
    category: 'Sports',
    model: 'Model E',
    producer: 'Producer Z',
    price: 767.63
  },
  {
    _id: ObjectId('65dd0bc901d78a20ef981b34'),
    category: 'Sports',
    model: 'Model A',
    producer: 'Producer V',
    price: 524.58
  },
  {
    _id: ObjectId('65dd0bc901d78a20ef981b35'),
    category: 'Sports',
    model: 'Model B',
    producer: 'Producer W',
    price: 45.34
  },
  {
    _id: ObjectId('65dd0bc901d78a20ef981b36'),
    category: 'Electronics',
    model: 'Model A',
    producer: 'Producer W',
    price: 587.11
  },
  {
    _id: ObjectId('65dd0bc901d78a20ef981b37'),
    category: 'Clothing',
    model: 'Model D',
    producer: 'Producer W',
    price: 435.86
  },
  {
    _id: ObjectId('65dd0bc901d78a20ef981b38'),
    category: 'Sports',
    model: 'Model D',
    producer: 'Producer X',
    price: 433.2,
    has_defect: true
  },
  {
    _id: ObjectId('65dd0bc901d78a20ef981b39'),
    category: 'Food',
    model: 'Model D',
    producer: 'Producer X',
    price: 783.74,
    has_defect: true
  },
  {
    _id: ObjectId('65dd0bc901d78a20ef981b3a'),
    category: 'Sports',
    model: 'Model C',
    producer: 'Producer W',
    price: 871.05
  },
  {
    _id: ObjectId('65dd0bc901d78a20ef981b3b'),
    category: 'Clothing',
    model: 'Model C',
    producer: 'Producer W',
    price: 967.05
  },
  {
    _id: ObjectId('65dd0bc901d78a20ef981b3c'),
    category: 'Sports',
    model: 'Model D',
    producer: 'Producer Z',
    price: 965.17
  },
  {
    _id: ObjectId('65dd0bc901d78a20ef981b3d'),
    category: 'Furniture',
    model: 'Model E',
    producer: 'Producer Y',
    price: 200,
    has_defect: true
  },
  {
    _id: ObjectId('65dd0bc901d78a20ef981b3e'),
    category: 'Electronics',
    model: 'Model A',
    producer: 'Producer V',
    price: 119.99
  },
  {
    _id: ObjectId('65dd0bc901d78a20ef981b3f'),
    category: 'Electronics',
    model: 'Model C',
    producer: 'Producer V',
    price: 930.54
  },
  {
    _id: ObjectId('65dd0bc901d78a20ef981b40'),
    category: 'Furniture',
    model: 'Model A',
    producer: 'Producer Z',
    price: 353.07
  },
  {
    _id: ObjectId('65dd0bc901d78a20ef981b41'),
    category: 'Food',
    model: 'Model B',
    producer: 'Producer X',
    price: 551.15,
    has_defect: true
  },
  {
    _id: ObjectId('65dd0bc901d78a20ef981b42'),
    category: 'Clothing',
    model: 'Model C',
    producer: 'Producer X',
    price: 400.97,
    has_defect: true
  },
  {
    _id: ObjectId('65dd0bc901d78a20ef981b43'),
    category: 'Food',
    model: 'Model E',
    producer: 'Producer V',
    price: 301.2
  },
  {
    _id: ObjectId('65dd0bc901d78a20ef981b44'),
    category: 'Electronics',
    model: 'Model D',
    producer: 'Producer Y',
    price: 750.45,
    has_defect: true
  },
  {
    _id: ObjectId('65dd0bc901d78a20ef981b45'),
    category: 'Food',
    model: 'Model C',
    producer: 'Producer Y',
    price: 1133.74,
    has_defect: true
  },
  {
    _id: ObjectId('65dd0bc901d78a20ef981b46'),
    category: 'Furniture',
    model: 'Model B',
    producer: 'Producer Z',
    price: 379.9
  },
  {
    _id: ObjectId('65dd0bc901d78a20ef981b47'),
    category: 'Electronics',
    model: 'Model B',
    producer: 'Producer V',
    price: 109.8
  },
  {
    _id: ObjectId('65dd0bc901d78a20ef981b48'),
    category: 'Sports',
    model: 'Model C',
    producer: 'Producer Z',
    price: 589.82
  },
  {
    _id: ObjectId('65dd0bc901d78a20ef981b49'),
    category: 'Electronics',
    model: 'Model B',
    producer: 'Producer Y',
    price: 827.02,
    has_defect: true
  },
  {
    _id: ObjectId('65dd0bc901d78a20ef981b4a'),
    category: 'Sports',
    model: 'Model B',
    producer: 'Producer V',
    price: 482.87
  },
  {
    _id: ObjectId('65dd0bc901d78a20ef981b4b'),
    category: 'Furniture',
    model: 'Model C',
    producer: 'Producer Z',
    price: 226.87
  },
  {
    _id: ObjectId('65dd0bc901d78a20ef981b4c'),
    category: 'Electronics',
    model: 'Model A',
    producer: 'Producer V',
    price: 157.26
  },
  {
    _id: ObjectId('65dd0bc901d78a20ef981b4d'),
    category: 'Furniture',
    model: 'Model D',
    producer: 'Producer Z',
    price: 346.34
  },
  {
    _id: ObjectId('65dd0bc901d78a20ef981b4e'),
    category: 'Sports',
    model: 'Model D',
    producer: 'Producer Z',
    price: 821.69
  },
  {
    _id: ObjectId('65dd0bc901d78a20ef981b4f'),
    category: 'Clothing',
    model: 'Model D',
    producer: 'Producer Z',
    price: 649.12
  },
  {
    _id: ObjectId('65dd0bc901d78a20ef981b50'),
    category: 'Food',
    model: 'Model D',
    producer: 'Producer X',
    price: 966.39,
    has_defect: true
  },
  {
    _id: ObjectId('65dd0bc901d78a20ef981b51'),
    category: 'Food',
    model: 'Model A',
    producer: 'Producer Z',
    price: 52.86
  },
  {
    _id: ObjectId('65dd0bc901d78a20ef981b52'),
    category: 'Clothing',
    model: 'Model B',
    producer: 'Producer Z',
    price: 745.07
  },
  {
    _id: ObjectId('65dd0bc901d78a20ef981b53'),
    category: 'Sports',
    model: 'Model B',
    producer: 'Producer W',
    price: 938.95
  },
  {
    _id: ObjectId('65dd0bc901d78a20ef981b54'),
    category: 'Food',
    model: 'Model C',
    producer: 'Producer Y',
    price: 1140.69,
    has_defect: true
  },
  {
    _id: ObjectId('65dd0bc901d78a20ef981b55'),
    category: 'Furniture',
    model: 'Model C',
    producer: 'Producer Z',
    price: 627.4
  },
  {
    _id: ObjectId('65dd0bc901d78a20ef981b56'),
    category: 'Sports',
    model: 'Model A',
    producer: 'Producer W',
    price: 844.25
  },
  {
    _id: ObjectId('65dd0bc901d78a20ef981b57'),
    category: 'Food',
    model: 'Model D',
    producer: 'Producer W',
    price: 675.87
  },
  {
    _id: ObjectId('65dd0bc901d78a20ef981b58'),
    category: 'Furniture',
    model: 'Model C',
    producer: 'Producer Z',
    price: 660.22
  },
  {
    _id: ObjectId('65dd0bc901d78a20ef981b59'),
    category: 'Sports',
    model: 'Model A',
    producer: 'Producer Y',
    price: 1068.76,
    has_defect: true
  },
  {
    _id: ObjectId('65dd0bc901d78a20ef981b5a'),
    category: 'Furniture',
    model: 'Model E',
    producer: 'Producer X',
    price: 673,
    has_defect: true
  },
  {
    _id: ObjectId('65dd0bc901d78a20ef981b5b'),
    category: 'Furniture',
    model: 'Model B',
    producer: 'Producer Z',
    price: 592.86
  },
  {
    _id: ObjectId('65dd0bc901d78a20ef981b5c'),
    category: 'Furniture',
    model: 'Model E',
    producer: 'Producer Y',
    price: 200,
    has_defect: true
  },
  {
    _id: ObjectId('65dd0bc901d78a20ef981b5d'),
    category: 'Sports',
    model: 'Model E',
    producer: 'Producer X',
    price: 424.58,
    has_defect: true
  },
  {
    _id: ObjectId('65dd0bc901d78a20ef981b5e'),
    category: 'Sports',
    model: 'Model E',
    producer: 'Producer Y',
    price: 200,
    has_defect: true
  },
  {
    _id: ObjectId('65dd0bc901d78a20ef981b5f'),
    category: 'Furniture',
    model: 'Model D',
    producer: 'Producer Z',
    price: 957.63
  },
  {
    _id: ObjectId('65dd0bc901d78a20ef981b60'),
    category: 'Clothing',
    model: 'Model A',
    producer: 'Producer Z',
    price: 326.67
  },
  {
    _id: ObjectId('65dd0bc901d78a20ef981b61'),
    category: 'Clothing',
    model: 'Model A',
    producer: 'Producer W',
    price: 779.24
  },
  {
    _id: ObjectId('65dd0bc901d78a20ef981b62'),
    category: 'Sports',
    model: 'Model E',
    producer: 'Producer Z',
    price: 249.7
  },
  {
    _id: ObjectId('65dd0bc901d78a20ef981b63'),
    category: 'Furniture',
    model: 'Model B',
    producer: 'Producer X',
    price: 392.99,
    has_defect: true
  },
  {
    _id: ObjectId('65dd0bc901d78a20ef981b64'),
    category: 'Electronics',
    model: 'Model A',
    producer: 'Producer Y',
    price: 487.08000000000004,
    has_defect: true
  },
  {
    _id: ObjectId('65dd0bc901d78a20ef981b65'),
    category: 'Clothing',
    model: 'Model C',
    producer: 'Producer W',
    price: 664.92
  },
  {
    _id: ObjectId('65dd0bc901d78a20ef981b66'),
    category: 'Electronics',
    model: 'Model A',
    producer: 'Producer Y',
    price: 402.75,
    has_defect: true
  },
  {
    _id: ObjectId('65dd0bc901d78a20ef981b67'),
    category: 'Electronics',
    model: 'Model A',
    producer: 'Producer Y',
    price: 1221.35,
    has_defect: true
  },
  {
    _id: ObjectId('65dd0bc901d78a20ef981b68'),
    category: 'Furniture',
    model: 'Model B',
    producer: 'Producer Z',
    price: 596.94
  },
  {
    _id: ObjectId('65dd0bc901d78a20ef981b69'),
    category: 'Food',
    model: 'Model D',
    producer: 'Producer Z',
    price: 966.91
  },
  {
    _id: ObjectId('65dd0bc901d78a20ef981b6a'),
    category: 'Clothing',
    model: 'Model B',
    producer: 'Producer Z',
    price: 843.14
  },
  {
    _id: ObjectId('65dd0bc901d78a20ef981b6b'),
    category: 'Sports',
    model: 'Model A',
    producer: 'Producer Y',
    price: 846.44,
    has_defect: true
  },
  {
    _id: ObjectId('65dd0bc901d78a20ef981b6c'),
    category: 'Clothing',
    model: 'Model D',
    producer: 'Producer W',
    price: 600.72
  },
  {
    _id: ObjectId('65dd0bc901d78a20ef981b6d'),
    category: 'Sports',
    model: 'Model D',
    producer: 'Producer V',
    price: 669.3
  },
  {
    _id: ObjectId('65dd0bc901d78a20ef981b6e'),
    category: 'Sports',
    model: 'Model C',
    producer: 'Producer W',
    price: 965.11
  },
  {
    _id: ObjectId('65dd0bc901d78a20ef981b6f'),
    category: 'Clothing',
    model: 'Model C',
    producer: 'Producer Z',
    price: 152.15
  },
  {
    _id: ObjectId('65dd0bc901d78a20ef981b70'),
    category: 'Clothing',
    model: 'Model E',
    producer: 'Producer X',
    price: 713.11,
    has_defect: true
  },
  {
    _id: ObjectId('65dd0bc901d78a20ef981b71'),
    category: 'Clothing',
    model: 'Model B',
    producer: 'Producer X',
    price: 550.59,
    has_defect: true
  },
  {
    _id: ObjectId('65dd0bc901d78a20ef981b72'),
    category: 'Clothing',
    model: 'Model E',
    producer: 'Producer Z',
    price: 74
  },
  {
    _id: ObjectId('65dd0bc901d78a20ef981b73'),
    category: 'Electronics',
    model: 'Model E',
    producer: 'Producer W',
    price: 60
  },
  {
    _id: ObjectId('65dd0bc901d78a20ef981b74'),
    category: 'Food',
    model: 'Model A',
    producer: 'Producer X',
    price: 524.24,
    has_defect: true
  },
  {
    _id: ObjectId('65dd0bc901d78a20ef981b75'),
    category: 'Food',
    model: 'Model B',
    producer: 'Producer W',
    price: 647.22
  },
  {
    _id: ObjectId('65dd0bc901d78a20ef981b76'),
    category: 'Furniture',
    model: 'Model A',
    producer: 'Producer W',
    price: 108.36
  },
  {
    _id: ObjectId('65dd0bc901d78a20ef981b77'),
    category: 'Furniture',
    model: 'Model B',
    producer: 'Producer W',
    price: 223.47
  },
  {
    _id: ObjectId('65dd0bc901d78a20ef981b78'),
    category: 'Food',
    model: 'Model C',
    producer: 'Producer Z',
    price: 728.31
  },
  {
    _id: ObjectId('65dd0bc901d78a20ef981b79'),
    category: 'Food',
    model: 'Model C',
    producer: 'Producer Y',
    price: 1076.15,
    has_defect: true
  },
  {
    _id: ObjectId('65dd0bc901d78a20ef981b7a'),
    category: 'Clothing',
    model: 'Model D',
    producer: 'Producer Y',
    price: 1172.3,
    has_defect: true
  },
  {
    _id: ObjectId('65dd0bc901d78a20ef981b7b'),
    category: 'Food',
    model: 'Model D',
    producer: 'Producer Z',
    price: 407.36
  },
  {
    _id: ObjectId('65dd0bc901d78a20ef981b7c'),
    category: 'Furniture',
    model: 'Model C',
    producer: 'Producer W',
    price: 96.06
  },
  {
    _id: ObjectId('65dd0bc901d78a20ef981b7d'),
    category: 'Furniture',
    model: 'Model B',
    producer: 'Producer X',
    price: 1260.97,
    has_defect: true
  },
  {
    _id: ObjectId('65dd0bc901d78a20ef981b7e'),
    category: 'Clothing',
    model: 'Model C',
    producer: 'Producer Y',
    price: 372.98,
    has_defect: true
  },
  {
    _id: ObjectId('65dd0bc901d78a20ef981b7f'),
    category: 'Furniture',
    model: 'Model D',
    producer: 'Producer Z',
    price: 606.21
  },
  {
    _id: ObjectId('65dd0bc901d78a20ef981b80'),
    category: 'Sports',
    model: 'Model E',
    producer: 'Producer Y',
    price: 200,
    has_defect: true
  },
  {
    _id: ObjectId('65dd0bc901d78a20ef981b81'),
    category: 'Furniture',
    model: 'Model D',
    producer: 'Producer W',
    price: 900.55
  },
  {
    _id: ObjectId('65dd0bc901d78a20ef981b82'),
    category: 'Sports',
    model: 'Model B',
    producer: 'Producer W',
    price: 120.25
  },
  {
    _id: ObjectId('65dd0bc901d78a20ef981b83'),
    category: 'Electronics',
    model: 'Model D',
    producer: 'Producer W',
    price: 503.99
  },
  {
    _id: ObjectId('65dd0bc901d78a20ef981b84'),
    category: 'Furniture',
    model: 'Model D',
    producer: 'Producer X',
    price: 657.26,
    has_defect: true
  },
  {
    _id: ObjectId('65dd0bc901d78a20ef981b85'),
    category: 'Sports',
    model: 'Model B',
    producer: 'Producer V',
    price: 207.29
  },
  {
    _id: ObjectId('65dd0bc901d78a20ef981b86'),
    category: 'Clothing',
    model: 'Model B',
    producer: 'Producer X',
    price: 383.07,
    has_defect: true
  },
  {
    _id: ObjectId('65e38a6fd9fe28381fee9503'),
    category: 'Electronics',
    model: 'Model B',
    producer: 'Producer V',
    price: 109.8
  },
  {
    _id: ObjectId('65e38a6fd9fe28381fee9504'),
    category: 'Food',
    model: 'Model B',
    producer: 'Producer X',
    price: 251.15
  },
  {
    _id: ObjectId('65e38a6fd9fe28381fee9505'),
    category: 'Food',
    model: 'Model D',
    producer: 'Producer V',
    price: 444.02
  },
  {
    _id: ObjectId('65e38a6fd9fe28381fee9506'),
    category: 'Furniture',
    model: 'Model E',
    producer: 'Producer Y',
    price: 404.23
  },
  {
    _id: ObjectId('65e38a6fd9fe28381fee9507'),
    category: 'Sports',
    model: 'Model D',
    producer: 'Producer X',
    price: 133.2
  },
  {
    _id: ObjectId('65e38a6fd9fe28381fee9508'),
    category: 'Clothing',
    model: 'Model C',
    producer: 'Producer X',
    price: 100.97
  },
  {
    _id: ObjectId('65e38a6fd9fe28381fee9509'),
    category: 'Clothing',
    model: 'Model B',
    producer: 'Producer X',
    price: 945.38
  },
  {
    _id: ObjectId('65e38a6fd9fe28381fee950a'),
    category: 'Electronics',
    model: 'Model E',
    producer: 'Producer Z',
    price: 93.9
  },
  {
    _id: ObjectId('65e38a6fd9fe28381fee950b'),
    category: 'Electronics',
    model: 'Model A',
    producer: 'Producer Y',
    price: 119.78
  },
  {
    _id: ObjectId('65e38a6fd9fe28381fee950c'),
    category: 'Electronics',
    model: 'Model B',
    producer: 'Producer W',
    price: 45.51
  },
  {
    _id: ObjectId('65e38a6fd9fe28381fee950d'),
    category: 'Sports',
    model: 'Model A',
    producer: 'Producer Y',
    price: 523.06
  },
  {
    _id: ObjectId('65e38a6fd9fe28381fee950e'),
    category: 'Sports',
    model: 'Model D',
    producer: 'Producer Z',
    price: 965.17
  },
  {
    _id: ObjectId('65e38a6fd9fe28381fee950f'),
    category: 'Clothing',
    model: 'Model E',
    producer: 'Producer Y',
    price: 247.24
  },
  {
    _id: ObjectId('65e38a6fd9fe28381fee9510'),
    category: 'Clothing',
    model: 'Model A',
    producer: 'Producer Y',
    price: 575.46
  },
  {
    _id: ObjectId('65e38a6fd9fe28381fee9511'),
    category: 'Food',
    model: 'Model E',
    producer: 'Producer Z',
    price: 382
  },
  {
    _id: ObjectId('65e38a6fd9fe28381fee9512'),
    category: 'Food',
    model: 'Model C',
    producer: 'Producer V',
    price: 507.04
  },
  {
    _id: ObjectId('65e38a6fd9fe28381fee9513'),
    category: 'Food',
    model: 'Model B',
    producer: 'Producer V',
    price: 958.31
  },
  {
    _id: ObjectId('65e38a6fd9fe28381fee9514'),
    category: 'Sports',
    model: 'Model E',
    producer: 'Producer Z',
    price: 767.63
  },
  {
    _id: ObjectId('65e38a6fd9fe28381fee9515'),
    category: 'Furniture',
    model: 'Model B',
    producer: 'Producer Z',
    price: 482.61
  },
  {
    _id: ObjectId('65e38a6fd9fe28381fee9516'),
    category: 'Sports',
    model: 'Model A',
    producer: 'Producer V',
    price: 524.58
  },
  {
    _id: ObjectId('65e38a6fd9fe28381fee9517'),
    category: 'Electronics',
    model: 'Model A',
    producer: 'Producer W',
    price: 587.11
  },
  {
    _id: ObjectId('65e38a6fd9fe28381fee9518'),
    category: 'Clothing',
    model: 'Model D',
    producer: 'Producer W',
    price: 435.86
  },
  {
    _id: ObjectId('65e38a6fd9fe28381fee9519'),
    category: 'Food',
    model: 'Model A',
    producer: 'Producer X',
    price: 958.2
  },
  {
    _id: ObjectId('65e38a6fd9fe28381fee951a'),
    category: 'Sports',
    model: 'Model B',
    producer: 'Producer W',
    price: 45.34
  },
  {
    _id: ObjectId('65e38a6fd9fe28381fee951b'),
    category: 'Sports',
    model: 'Model D',
    producer: 'Producer W',
    price: 250.93
  },
  {
    _id: ObjectId('65e38a6fd9fe28381fee951c'),
    category: 'Electronics',
    model: 'Model A',
    producer: 'Producer V',
    price: 119.99
  },
  {
    _id: ObjectId('65e38a6fd9fe28381fee951d'),
    category: 'Furniture',
    model: 'Model A',
    producer: 'Producer Z',
    price: 353.07
  },
  {
    _id: ObjectId('65e38a6fd9fe28381fee951e'),
    category: 'Clothing',
    model: 'Model C',
    producer: 'Producer W',
    price: 967.05
  },
  {
    _id: ObjectId('65e38a6fd9fe28381fee951f'),
    category: 'Furniture',
    model: 'Model E',
    producer: 'Producer Z',
    price: 274.87
  },
  {
    _id: ObjectId('65e38a6fd9fe28381fee9520'),
    category: 'Food',
    model: 'Model C',
    producer: 'Producer Y',
    price: 833.74
  },
  {
    _id: ObjectId('65e38a6fd9fe28381fee9521'),
    category: 'Food',
    model: 'Model E',
    producer: 'Producer V',
    price: 301.2
  },
  {
    _id: ObjectId('65e38a6fd9fe28381fee9522'),
    category: 'Electronics',
    model: 'Model D',
    producer: 'Producer Y',
    price: 450.45
  },
  {
    _id: ObjectId('65e38a6fd9fe28381fee9523'),
    category: 'Electronics',
    model: 'Model C',
    producer: 'Producer V',
    price: 930.54
  },
  {
    _id: ObjectId('65e38a6fd9fe28381fee9524'),
    category: 'Food',
    model: 'Model D',
    producer: 'Producer W',
    price: 772.7
  },
  {
    _id: ObjectId('65e38a6fd9fe28381fee9525'),
    category: 'Electronics',
    model: 'Model B',
    producer: 'Producer Y',
    price: 527.02
  },
  {
    _id: ObjectId('65e38a6fd9fe28381fee9526'),
    category: 'Sports',
    model: 'Model B',
    producer: 'Producer V',
    price: 482.87
  },
  {
    _id: ObjectId('65e38a6fd9fe28381fee9527'),
    category: 'Sports',
    model: 'Model C',
    producer: 'Producer Z',
    price: 589.82
  },
  {
    _id: ObjectId('65e38a6fd9fe28381fee9528'),
    category: 'Sports',
    model: 'Model C',
    producer: 'Producer W',
    price: 871.05
  },
  {
    _id: ObjectId('65e38a6fd9fe28381fee9529'),
    category: 'Furniture',
    model: 'Model B',
    producer: 'Producer Z',
    price: 379.9
  },
  {
    _id: ObjectId('65e38a6fd9fe28381fee952a'),
    category: 'Electronics',
    model: 'Model A',
    producer: 'Producer V',
    price: 157.26
  },
  {
    _id: ObjectId('65e38a6fd9fe28381fee952b'),
    category: 'Furniture',
    model: 'Model C',
    producer: 'Producer Z',
    price: 226.87
  },
  {
    _id: ObjectId('65e38a6fd9fe28381fee952c'),
    category: 'Sports',
    model: 'Model D',
    producer: 'Producer Z',
    price: 821.69
  },
  {
    _id: ObjectId('65e38a6fd9fe28381fee952d'),
    category: 'Furniture',
    model: 'Model D',
    producer: 'Producer Z',
    price: 346.34
  },
  {
    _id: ObjectId('65e38a6fd9fe28381fee952e'),
    category: 'Clothing',
    model: 'Model D',
    producer: 'Producer Z',
    price: 649.12
  },
  {
    _id: ObjectId('65e38a6fd9fe28381fee952f'),
    category: 'Food',
    model: 'Model D',
    producer: 'Producer X',
    price: 666.39
  },
  {
    _id: ObjectId('65e38a6fd9fe28381fee9530'),
    category: 'Food',
    model: 'Model A',
    producer: 'Producer Z',
    price: 52.86
  },
  {
    _id: ObjectId('65e38a6fd9fe28381fee9531'),
    category: 'Clothing',
    model: 'Model B',
    producer: 'Producer Z',
    price: 745.07
  },
  {
    _id: ObjectId('65e38a6fd9fe28381fee9532'),
    category: 'Sports',
    model: 'Model B',
    producer: 'Producer W',
    price: 938.95
  },
  {
    _id: ObjectId('65e38a6fd9fe28381fee9533'),
    category: 'Food',
    model: 'Model C',
    producer: 'Producer Y',
    price: 840.69
  },
  {
    _id: ObjectId('65e38a6fd9fe28381fee9534'),
    category: 'Sports',
    model: 'Model A',
    producer: 'Producer W',
    price: 844.25
  },
  {
    _id: ObjectId('65e38a6fd9fe28381fee9535'),
    category: 'Furniture',
    model: 'Model C',
    producer: 'Producer Z',
    price: 627.4
  },
  {
    _id: ObjectId('65e38a6fd9fe28381fee9536'),
    category: 'Food',
    model: 'Model D',
    producer: 'Producer W',
    price: 675.87
  },
  {
    _id: ObjectId('65e38a6fd9fe28381fee9537'),
    category: 'Furniture',
    model: 'Model E',
    producer: 'Producer X',
    price: 373
  },
  {
    _id: ObjectId('65e38a6fd9fe28381fee9538'),
    category: 'Furniture',
    model: 'Model B',
    producer: 'Producer Z',
    price: 592.86
  },
  {
    _id: ObjectId('65e38a6fd9fe28381fee9539'),
    category: 'Furniture',
    model: 'Model C',
    producer: 'Producer Z',
    price: 660.22
  },
  {
    _id: ObjectId('65e38a6fd9fe28381fee953a'),
    category: 'Sports',
    model: 'Model A',
    producer: 'Producer Y',
    price: 768.76
  },
  {
    _id: ObjectId('65e38a6fd9fe28381fee953b'),
    category: 'Sports',
    model: 'Model E',
    producer: 'Producer X',
    price: 124.58
  },
  {
    _id: ObjectId('65e38a6fd9fe28381fee953c'),
    category: 'Clothing',
    model: 'Model A',
    producer: 'Producer Z',
    price: 326.67
  },
  {
    _id: ObjectId('65e38a6fd9fe28381fee953d'),
    category: 'Furniture',
    model: 'Model E',
    producer: 'Producer Y',
    price: 672.24
  },
  {
    _id: ObjectId('65e38a6fd9fe28381fee953e'),
    category: 'Furniture',
    model: 'Model D',
    producer: 'Producer Z',
    price: 957.63
  },
  {
    _id: ObjectId('65e38a6fd9fe28381fee953f'),
    category: 'Clothing',
    model: 'Model A',
    producer: 'Producer W',
    price: 779.24
  },
  {
    _id: ObjectId('65e38a6fd9fe28381fee9540'),
    category: 'Sports',
    model: 'Model E',
    producer: 'Producer Z',
    price: 249.7
  },
  {
    _id: ObjectId('65e38a6fd9fe28381fee9541'),
    category: 'Clothing',
    model: 'Model E',
    producer: 'Producer X',
    price: 413.11
  },
  {
    _id: ObjectId('65e38a6fd9fe28381fee9542'),
    category: 'Furniture',
    model: 'Model B',
    producer: 'Producer X',
    price: 92.99
  },
  {
    _id: ObjectId('65e38a6fd9fe28381fee9543'),
    category: 'Electronics',
    model: 'Model A',
    producer: 'Producer Y',
    price: 187.08
  },
  {
    _id: ObjectId('65e38a6fd9fe28381fee9544'),
    category: 'Sports',
    model: 'Model E',
    producer: 'Producer Y',
    price: 641.89
  },
  {
    _id: ObjectId('65e38a6fd9fe28381fee9545'),
    category: 'Furniture',
    model: 'Model B',
    producer: 'Producer Z',
    price: 596.94
  },
  {
    _id: ObjectId('65e38a6fd9fe28381fee9546'),
    category: 'Clothing',
    model: 'Model C',
    producer: 'Producer W',
    price: 664.92
  },
  {
    _id: ObjectId('65e38a6fd9fe28381fee9547'),
    category: 'Electronics',
    model: 'Model A',
    producer: 'Producer Y',
    price: 921.35
  },
  {
    _id: ObjectId('65e38a6fd9fe28381fee9548'),
    category: 'Electronics',
    model: 'Model A',
    producer: 'Producer Y',
    price: 102.75
  },
  {
    _id: ObjectId('65e38a6fd9fe28381fee9549'),
    category: 'Food',
    model: 'Model D',
    producer: 'Producer Z',
    price: 966.91
  },
  {
    _id: ObjectId('65e38a6fd9fe28381fee954a'),
    category: 'Sports',
    model: 'Model A',
    producer: 'Producer Y',
    price: 546.44
  },
  {
    _id: ObjectId('65e38a6fd9fe28381fee954b'),
    category: 'Clothing',
    model: 'Model B',
    producer: 'Producer Z',
    price: 843.14
  },
  {
    _id: ObjectId('65e38a6fd9fe28381fee954c'),
    category: 'Clothing',
    model: 'Model D',
    producer: 'Producer W',
    price: 600.72
  },
  {
    _id: ObjectId('65e38a6fd9fe28381fee954d'),
    category: 'Clothing',
    model: 'Model C',
    producer: 'Producer Z',
    price: 152.15
  },
  {
    _id: ObjectId('65e38a6fd9fe28381fee954e'),
    category: 'Sports',
    model: 'Model D',
    producer: 'Producer V',
    price: 669.3
  },
  {
    _id: ObjectId('65e38a6fd9fe28381fee954f'),
    category: 'Sports',
    model: 'Model C',
    producer: 'Producer W',
    price: 965.11
  },
  {
    _id: ObjectId('65e38a6fd9fe28381fee9550'),
    category: 'Clothing',
    model: 'Model B',
    producer: 'Producer X',
    price: 250.59
  },
  {
    _id: ObjectId('65e38a6fd9fe28381fee9551'),
    category: 'Clothing',
    model: 'Model B',
    producer: 'Producer X',
    price: 83.07
  },
  {
    _id: ObjectId('65e38a6fd9fe28381fee9552'),
    category: 'Furniture',
    model: 'Model A',
    producer: 'Producer W',
    price: 108.36
  },
  {
    _id: ObjectId('65e38a6fd9fe28381fee9553'),
    category: 'Electronics',
    model: 'Model E',
    producer: 'Producer W',
    price: 60
  },
  {
    _id: ObjectId('65e38a6fd9fe28381fee9554'),
    category: 'Food',
    model: 'Model A',
    producer: 'Producer X',
    price: 224.24
  },
  {
    _id: ObjectId('65e38a6fd9fe28381fee9555'),
    category: 'Clothing',
    model: 'Model E',
    producer: 'Producer Z',
    price: 74
  },
  {
    _id: ObjectId('65e38a6fd9fe28381fee9556'),
    category: 'Food',
    model: 'Model C',
    producer: 'Producer Z',
    price: 728.31
  },
  {
    _id: ObjectId('65e38a6fd9fe28381fee9557'),
    category: 'Food',
    model: 'Model B',
    producer: 'Producer W',
    price: 647.22
  },
  {
    _id: ObjectId('65e38a6fd9fe28381fee9558'),
    category: 'Food',
    model: 'Model C',
    producer: 'Producer Y',
    price: 776.15
  },
  {
    _id: ObjectId('65e38a6fd9fe28381fee9559'),
    category: 'Food',
    model: 'Model D',
    producer: 'Producer Z',
    price: 407.36
  },
  {
    _id: ObjectId('65e38a6fd9fe28381fee955a'),
    category: 'Furniture',
    model: 'Model B',
    producer: 'Producer W',
    price: 223.47
  },
  {
    _id: ObjectId('65e38a6fd9fe28381fee955b'),
    category: 'Furniture',
    model: 'Model B',
    producer: 'Producer X',
    price: 960.97
  },
  {
    _id: ObjectId('65e38a6fd9fe28381fee955c'),
    category: 'Furniture',
    model: 'Model C',
    producer: 'Producer W',
    price: 96.06
  },
  {
    _id: ObjectId('65e38a6fd9fe28381fee955d'),
    category: 'Electronics',
    model: 'Model D',
    producer: 'Producer W',
    price: 503.99
  },
  {
    _id: ObjectId('65e38a6fd9fe28381fee955e'),
    category: 'Furniture',
    model: 'Model D',
    producer: 'Producer Z',
    price: 606.21
  },
  {
    _id: ObjectId('65e38a6fd9fe28381fee955f'),
    category: 'Furniture',
    model: 'Model D',
    producer: 'Producer X',
    price: 357.26
  },
  {
    _id: ObjectId('65e38a6fd9fe28381fee9560'),
    category: 'Furniture',
    model: 'Model D',
    producer: 'Producer W',
    price: 900.55
  },
  {
    _id: ObjectId('65e38a6fd9fe28381fee9561'),
    category: 'Sports',
    model: 'Model B',
    producer: 'Producer V',
    price: 207.29
  },
  {
    _id: ObjectId('65e38a6fd9fe28381fee9562'),
    category: 'Clothing',
    model: 'Model D',
    producer: 'Producer Y',
    price: 872.3
  },
  {
    _id: ObjectId('65e38a6fd9fe28381fee9563'),
    category: 'Clothing',
    model: 'Model C',
    producer: 'Producer Y',
    price: 72.98
  },
  {
    _id: ObjectId('65e38a6fd9fe28381fee9564'),
    category: 'Sports',
    model: 'Model B',
    producer: 'Producer W',
    price: 120.25
  },
  {
    _id: ObjectId('65e38a6fd9fe28381fee9565'),
    category: 'Sports',
    model: 'Model E',
    producer: 'Producer Y',
    price: 50.08
  },
  {
    _id: ObjectId('65e38a6fd9fe28381fee9566'),
    category: 'Food',
    model: 'Model D',
    producer: 'Producer X',
    price: 483.74
  }
]
------------------------Task 2: Number of items in certain categories-----------------------
[
  { _id: 'Clothing', count: 40 },
  { _id: 'Food', count: 40 },
  { _id: 'Sports', count: 46 },
  { _id: 'Electronics', count: 30 },
  { _id: 'Furniture', count: 44 }
]
------------------------Task 3: Number of items categories------------------------------------
Number of unique categories 5
------------------------Task 4: List of unique producers----------------------------------------
List of unqie producers [
  'Producer V',
  'Producer W',
  'Producer X',
  'Producer Y',
  'Producer Z'
]
------------------------Task 5: Items by cretirea-------------------------------------------------
Task 5.1; model == Model A and 100 <= price <= 200     [
  {
    _id: ObjectId('65dd0bc901d78a20ef981b3e'),
    category: 'Electronics',
    model: 'Model A',
    producer: 'Producer V',
    price: 119.99
  },
  {
    _id: ObjectId('65dd0bc901d78a20ef981b4c'),
    category: 'Electronics',
    model: 'Model A',
    producer: 'Producer V',
    price: 157.26
  },
  {
    _id: ObjectId('65dd0bc901d78a20ef981b76'),
    category: 'Furniture',
    model: 'Model A',
    producer: 'Producer W',
    price: 108.36
  },
  {
    _id: ObjectId('65e38a6fd9fe28381fee950b'),
    category: 'Electronics',
    model: 'Model A',
    producer: 'Producer Y',
    price: 119.78
  },
  {
    _id: ObjectId('65e38a6fd9fe28381fee951c'),
    category: 'Electronics',
    model: 'Model A',
    producer: 'Producer V',
    price: 119.99
  },
  {
    _id: ObjectId('65e38a6fd9fe28381fee952a'),
    category: 'Electronics',
    model: 'Model A',
    producer: 'Producer V',
    price: 157.26
  },
  {
    _id: ObjectId('65e38a6fd9fe28381fee9543'),
    category: 'Electronics',
    model: 'Model A',
    producer: 'Producer Y',
    price: 187.08
  },
  {
    _id: ObjectId('65e38a6fd9fe28381fee9548'),
    category: 'Electronics',
    model: 'Model A',
    producer: 'Producer Y',
    price: 102.75
  },
  {
    _id: ObjectId('65e38a6fd9fe28381fee9552'),
    category: 'Furniture',
    model: 'Model A',
    producer: 'Producer W',
    price: 108.36
  }
]
Task 5.2; model == Model A or producer == Producer Z     [
  {
    _id: ObjectId('65dd0bc901d78a20ef981b24'),
    category: 'Furniture',
    model: 'Model E',
    producer: 'Producer Z',
    price: 274.87
  },
  {
    _id: ObjectId('65dd0bc901d78a20ef981b26'),
    category: 'Electronics',
    model: 'Model A',
    producer: 'Producer Y',
    price: 419.78,
    has_defect: true
  },
  {
    _id: ObjectId('65dd0bc901d78a20ef981b29'),
    category: 'Sports',
    model: 'Model A',
    producer: 'Producer Y',
    price: 823.06,
    has_defect: true
  },
  {
    _id: ObjectId('65dd0bc901d78a20ef981b2a'),
    category: 'Electronics',
    model: 'Model E',
    producer: 'Producer Z',
    price: 93.9
  },
  {
    _id: ObjectId('65dd0bc901d78a20ef981b2d'),
    category: 'Food',
    model: 'Model E',
    producer: 'Producer Z',
    price: 382
  },
  {
    _id: ObjectId('65dd0bc901d78a20ef981b2e'),
    category: 'Clothing',
    model: 'Model A',
    producer: 'Producer Y',
    price: 875.46,
    has_defect: true
  },
  {
    _id: ObjectId('65dd0bc901d78a20ef981b2f'),
    category: 'Furniture',
    model: 'Model B',
    producer: 'Producer Z',
    price: 482.61
  },
  {
    _id: ObjectId('65dd0bc901d78a20ef981b31'),
    category: 'Food',
    model: 'Model A',
    producer: 'Producer X',
    price: 1258.2,
    has_defect: true
  },
  {
    _id: ObjectId('65dd0bc901d78a20ef981b33'),
    category: 'Sports',
    model: 'Model E',
    producer: 'Producer Z',
    price: 767.63
  },
  {
    _id: ObjectId('65dd0bc901d78a20ef981b34'),
    category: 'Sports',
    model: 'Model A',
    producer: 'Producer V',
    price: 524.58
  },
  {
    _id: ObjectId('65dd0bc901d78a20ef981b36'),
    category: 'Electronics',
    model: 'Model A',
    producer: 'Producer W',
    price: 587.11
  },
  {
    _id: ObjectId('65dd0bc901d78a20ef981b3c'),
    category: 'Sports',
    model: 'Model D',
    producer: 'Producer Z',
    price: 965.17
  },
  {
    _id: ObjectId('65dd0bc901d78a20ef981b3e'),
    category: 'Electronics',
    model: 'Model A',
    producer: 'Producer V',
    price: 119.99
  },
  {
    _id: ObjectId('65dd0bc901d78a20ef981b40'),
    category: 'Furniture',
    model: 'Model A',
    producer: 'Producer Z',
    price: 353.07
  },
  {
    _id: ObjectId('65dd0bc901d78a20ef981b46'),
    category: 'Furniture',
    model: 'Model B',
    producer: 'Producer Z',
    price: 379.9
  },
  {
    _id: ObjectId('65dd0bc901d78a20ef981b48'),
    category: 'Sports',
    model: 'Model C',
    producer: 'Producer Z',
    price: 589.82
  },
  {
    _id: ObjectId('65dd0bc901d78a20ef981b4b'),
    category: 'Furniture',
    model: 'Model C',
    producer: 'Producer Z',
    price: 226.87
  },
  {
    _id: ObjectId('65dd0bc901d78a20ef981b4c'),
    category: 'Electronics',
    model: 'Model A',
    producer: 'Producer V',
    price: 157.26
  },
  {
    _id: ObjectId('65dd0bc901d78a20ef981b4d'),
    category: 'Furniture',
    model: 'Model D',
    producer: 'Producer Z',
    price: 346.34
  },
  {
    _id: ObjectId('65dd0bc901d78a20ef981b4e'),
    category: 'Sports',
    model: 'Model D',
    producer: 'Producer Z',
    price: 821.69
  }
]
Type "it" for more
Task 5.3; producer in Producer Z, Producer X     [
  {
    _id: ObjectId('65dd0bc901d78a20ef981b24'),
    category: 'Furniture',
    model: 'Model E',
    producer: 'Producer Z',
    price: 274.87
  },
  {
    _id: ObjectId('65dd0bc901d78a20ef981b27'),
    category: 'Clothing',
    model: 'Model B',
    producer: 'Producer X',
    price: 1245.38,
    has_defect: true
  },
  {
    _id: ObjectId('65dd0bc901d78a20ef981b2a'),
    category: 'Electronics',
    model: 'Model E',
    producer: 'Producer Z',
    price: 93.9
  },
  {
    _id: ObjectId('65dd0bc901d78a20ef981b2d'),
    category: 'Food',
    model: 'Model E',
    producer: 'Producer Z',
    price: 382
  },
  {
    _id: ObjectId('65dd0bc901d78a20ef981b2f'),
    category: 'Furniture',
    model: 'Model B',
    producer: 'Producer Z',
    price: 482.61
  },
  {
    _id: ObjectId('65dd0bc901d78a20ef981b31'),
    category: 'Food',
    model: 'Model A',
    producer: 'Producer X',
    price: 1258.2,
    has_defect: true
  },
  {
    _id: ObjectId('65dd0bc901d78a20ef981b33'),
    category: 'Sports',
    model: 'Model E',
    producer: 'Producer Z',
    price: 767.63
  },
  {
    _id: ObjectId('65dd0bc901d78a20ef981b38'),
    category: 'Sports',
    model: 'Model D',
    producer: 'Producer X',
    price: 433.2,
    has_defect: true
  },
  {
    _id: ObjectId('65dd0bc901d78a20ef981b39'),
    category: 'Food',
    model: 'Model D',
    producer: 'Producer X',
    price: 783.74,
    has_defect: true
  },
  {
    _id: ObjectId('65dd0bc901d78a20ef981b3c'),
    category: 'Sports',
    model: 'Model D',
    producer: 'Producer Z',
    price: 965.17
  },
  {
    _id: ObjectId('65dd0bc901d78a20ef981b40'),
    category: 'Furniture',
    model: 'Model A',
    producer: 'Producer Z',
    price: 353.07
  },
  {
    _id: ObjectId('65dd0bc901d78a20ef981b41'),
    category: 'Food',
    model: 'Model B',
    producer: 'Producer X',
    price: 551.15,
    has_defect: true
  },
  {
    _id: ObjectId('65dd0bc901d78a20ef981b42'),
    category: 'Clothing',
    model: 'Model C',
    producer: 'Producer X',
    price: 400.97,
    has_defect: true
  },
  {
    _id: ObjectId('65dd0bc901d78a20ef981b46'),
    category: 'Furniture',
    model: 'Model B',
    producer: 'Producer Z',
    price: 379.9
  },
  {
    _id: ObjectId('65dd0bc901d78a20ef981b48'),
    category: 'Sports',
    model: 'Model C',
    producer: 'Producer Z',
    price: 589.82
  },
  {
    _id: ObjectId('65dd0bc901d78a20ef981b4b'),
    category: 'Furniture',
    model: 'Model C',
    producer: 'Producer Z',
    price: 226.87
  },
  {
    _id: ObjectId('65dd0bc901d78a20ef981b4d'),
    category: 'Furniture',
    model: 'Model D',
    producer: 'Producer Z',
    price: 346.34
  },
  {
    _id: ObjectId('65dd0bc901d78a20ef981b4e'),
    category: 'Sports',
    model: 'Model D',
    producer: 'Producer Z',
    price: 821.69
  },
  {
    _id: ObjectId('65dd0bc901d78a20ef981b4f'),
    category: 'Clothing',
    model: 'Model D',
    producer: 'Producer Z',
    price: 649.12
  },
  {
    _id: ObjectId('65dd0bc901d78a20ef981b50'),
    category: 'Food',
    model: 'Model D',
    producer: 'Producer X',
    price: 966.39,
    has_defect: true
  }
]
Type "it" for more
------------------------Task 6: Update certain categories---------------------------------------------
Task 6.1; setting price to 100 when producer == Producer Y and model == model E     {
  acknowledged: true,
  insertedId: null,
  matchedCount: 10,
  modifiedCount: 10,
  upsertedCount: 0
}
Task 6.2; adding value has_defect to producer == Producer X or model == model A     {
  acknowledged: true,
  insertedId: null,
  matchedCount: 32,
  modifiedCount: 16,
  upsertedCount: 0
}
------------------------Task 7: Find items where has_value exists----------------------------------------
Task 7; has_values =     [
  {
    _id: ObjectId('65dd0bc901d78a20ef981b26'),
    category: 'Electronics',
    model: 'Model A',
    producer: 'Producer Y',
    price: 419.78,
    has_defect: true
  },
  {
    _id: ObjectId('65dd0bc901d78a20ef981b27'),
    category: 'Clothing',
    model: 'Model B',
    producer: 'Producer X',
    price: 1245.38,
    has_defect: true
  },
  {
    _id: ObjectId('65dd0bc901d78a20ef981b29'),
    category: 'Sports',
    model: 'Model A',
    producer: 'Producer Y',
    price: 823.06,
    has_defect: true
  },
  {
    _id: ObjectId('65dd0bc901d78a20ef981b2c'),
    category: 'Clothing',
    model: 'Model E',
    producer: 'Producer Y',
    price: 100,
    has_defect: true
  },
  {
    _id: ObjectId('65dd0bc901d78a20ef981b2e'),
    category: 'Clothing',
    model: 'Model A',
    producer: 'Producer Y',
    price: 875.46,
    has_defect: true
  },
  {
    _id: ObjectId('65dd0bc901d78a20ef981b31'),
    category: 'Food',
    model: 'Model A',
    producer: 'Producer X',
    price: 1258.2,
    has_defect: true
  },
  {
    _id: ObjectId('65dd0bc901d78a20ef981b38'),
    category: 'Sports',
    model: 'Model D',
    producer: 'Producer X',
    price: 433.2,
    has_defect: true
  },
  {
    _id: ObjectId('65dd0bc901d78a20ef981b39'),
    category: 'Food',
    model: 'Model D',
    producer: 'Producer X',
    price: 783.74,
    has_defect: true
  },
  {
    _id: ObjectId('65dd0bc901d78a20ef981b3d'),
    category: 'Furniture',
    model: 'Model E',
    producer: 'Producer Y',
    price: 100,
    has_defect: true
  },
  {
    _id: ObjectId('65dd0bc901d78a20ef981b41'),
    category: 'Food',
    model: 'Model B',
    producer: 'Producer X',
    price: 551.15,
    has_defect: true
  },
  {
    _id: ObjectId('65dd0bc901d78a20ef981b42'),
    category: 'Clothing',
    model: 'Model C',
    producer: 'Producer X',
    price: 400.97,
    has_defect: true
  },
  {
    _id: ObjectId('65dd0bc901d78a20ef981b44'),
    category: 'Electronics',
    model: 'Model D',
    producer: 'Producer Y',
    price: 750.45,
    has_defect: true
  },
  {
    _id: ObjectId('65dd0bc901d78a20ef981b45'),
    category: 'Food',
    model: 'Model C',
    producer: 'Producer Y',
    price: 1133.74,
    has_defect: true
  },
  {
    _id: ObjectId('65dd0bc901d78a20ef981b49'),
    category: 'Electronics',
    model: 'Model B',
    producer: 'Producer Y',
    price: 827.02,
    has_defect: true
  },
  {
    _id: ObjectId('65dd0bc901d78a20ef981b50'),
    category: 'Food',
    model: 'Model D',
    producer: 'Producer X',
    price: 966.39,
    has_defect: true
  },
  {
    _id: ObjectId('65dd0bc901d78a20ef981b54'),
    category: 'Food',
    model: 'Model C',
    producer: 'Producer Y',
    price: 1140.69,
    has_defect: true
  },
  {
    _id: ObjectId('65dd0bc901d78a20ef981b59'),
    category: 'Sports',
    model: 'Model A',
    producer: 'Producer Y',
    price: 1068.76,
    has_defect: true
  },
  {
    _id: ObjectId('65dd0bc901d78a20ef981b5a'),
    category: 'Furniture',
    model: 'Model E',
    producer: 'Producer X',
    price: 673,
    has_defect: true
  },
  {
    _id: ObjectId('65dd0bc901d78a20ef981b5c'),
    category: 'Furniture',
    model: 'Model E',
    producer: 'Producer Y',
    price: 100,
    has_defect: true
  },
  {
    _id: ObjectId('65dd0bc901d78a20ef981b5d'),
    category: 'Sports',
    model: 'Model E',
    producer: 'Producer X',
    price: 424.58,
    has_defect: true
  }
]
Type "it" for more
------------------------Task 8: Incrementing certain values------------------------------------------------
Task 8; Incrementing where has_defect = true by 100     {
  acknowledged: true,
  insertedId: null,
  matchedCount: 52,
  modifiedCount: 52,
  upsertedCount: 0
}
